<?xml version="1.0" encoding="UTF-8"?>
<robot generator="Robot 6.1.1 (Python 3.10.6 on win32)" generated="20251211 04:11:24.796" rpa="false" schemaversion="4">
<suite id="s1" name="testCasesSafari" source="C:\Users\Asus\Desktop\Software_Testing\robotTests\testCasesSafari">
<suite id="s1-s1" name="1 Login Tests" source="C:\Users\Asus\Desktop\Software_Testing\robotTests\testCasesSafari\1_login_tests.robot">
<test id="s1-s1-t1" name="Login With Valid User" line="5">
<kw name="Open SauceDemo" library="resources_safari">
<doc>Открыть сайт в Safari фиксированной версии.</doc>
<kw name="Open Browser" library="SeleniumLibrary">
<arg>url=${URL}</arg>
<arg>browser=${BROWSER}</arg>
<arg>remote_url=${REMOTE_URL}</arg>
<arg>desired_capabilities=browser:Safari,browser_version:15,os:OS X,os_version:Monterey,build:HW3_Safari,project:SauceDemo</arg>
<doc>Opens a new browser instance to the optional ``url``.</doc>
<msg timestamp="20251211 04:11:25.025" level="WARN">desired_capabilities has been deprecated and removed. Please use options to configure browsers as per documentation.</msg>
<msg timestamp="20251211 04:11:25.026" level="INFO">Opening browser 'safari' to base url 'https://www.saucedemo.com/' through remote server at 'https://diaskasimzhan_VUQrv0:1pwxKX8vPfaCFrsVcJPp@hub-cloud.browserstack.com/wd/hub'.</msg>
<msg timestamp="20251211 04:11:34.086" level="INFO">Cannot capture screenshot because no browser is open.</msg>
<msg timestamp="20251211 04:11:34.086" level="INFO">C:\Users\Asus\Desktop\Software_Testing\env\lib\site-packages\selenium\webdriver\remote\remote_connection.py:419: UserWarning: Embedding username and password in URL could be insecure, use ClientConfig instead
  headers = self.get_remote_connection_headers(parsed_url, self._client_config.keep_alive)</msg>
<msg timestamp="20251211 04:11:34.086" level="FAIL">WebDriverException: Message: Request body does not contain required parameter 'type'.
</msg>
<status status="FAIL" starttime="20251211 04:11:25.024" endtime="20251211 04:11:34.087"/>
</kw>
<kw name="Maximize Browser Window" library="SeleniumLibrary">
<doc>Maximizes current browser window.</doc>
<status status="NOT RUN" starttime="20251211 04:11:34.088" endtime="20251211 04:11:34.088"/>
</kw>
<kw name="Set Selenium Implicit Wait" library="SeleniumLibrary">
<arg>5</arg>
<doc>Sets the implicit wait value used by Selenium.</doc>
<status status="NOT RUN" starttime="20251211 04:11:34.088" endtime="20251211 04:11:34.088"/>
</kw>
<status status="FAIL" starttime="20251211 04:11:25.024" endtime="20251211 04:11:34.088"/>
</kw>
<kw name="Login With Valid Credentials" library="resources_safari">
<status status="NOT RUN" starttime="20251211 04:11:34.088" endtime="20251211 04:11:34.088"/>
</kw>
<kw name="Wait Until Page Contains Element" library="SeleniumLibrary">
<arg>xpath=//span[text()='Products']</arg>
<doc>Waits until the element ``locator`` appears on the current page.</doc>
<status status="NOT RUN" starttime="20251211 04:11:34.088" endtime="20251211 04:11:34.088"/>
</kw>
<kw name="Page Should Contain Element" library="SeleniumLibrary">
<arg>xpath=//span[text()='Products']</arg>
<doc>Verifies that element ``locator`` is found on the current page.</doc>
<status status="NOT RUN" starttime="20251211 04:11:34.088" endtime="20251211 04:11:34.088"/>
</kw>
<kw name="Close Browser" library="resources_safari">
<status status="NOT RUN" starttime="20251211 04:11:34.089" endtime="20251211 04:11:34.089"/>
</kw>
<doc>Проверка успешного входа на сайт с правильными данными.</doc>
<status status="FAIL" starttime="20251211 04:11:25.023" endtime="20251211 04:11:34.089">WebDriverException: Message: Request body does not contain required parameter 'type'.
</status>
</test>
<test id="s1-s1-t2" name="Login With Invalid User" line="13">
<kw name="Open SauceDemo" library="resources_safari">
<doc>Открыть сайт в Safari фиксированной версии.</doc>
<kw name="Open Browser" library="SeleniumLibrary">
<arg>url=${URL}</arg>
<arg>browser=${BROWSER}</arg>
<arg>remote_url=${REMOTE_URL}</arg>
<arg>desired_capabilities=browser:Safari,browser_version:15,os:OS X,os_version:Monterey,build:HW3_Safari,project:SauceDemo</arg>
<doc>Opens a new browser instance to the optional ``url``.</doc>
<msg timestamp="20251211 04:11:34.091" level="WARN">desired_capabilities has been deprecated and removed. Please use options to configure browsers as per documentation.</msg>
<msg timestamp="20251211 04:11:34.091" level="INFO">Opening browser 'safari' to base url 'https://www.saucedemo.com/' through remote server at 'https://diaskasimzhan_VUQrv0:1pwxKX8vPfaCFrsVcJPp@hub-cloud.browserstack.com/wd/hub'.</msg>
<status status="PASS" starttime="20251211 04:11:34.090" endtime="20251211 04:11:41.380"/>
</kw>
<kw name="Maximize Browser Window" library="SeleniumLibrary">
<doc>Maximizes current browser window.</doc>
<status status="PASS" starttime="20251211 04:11:41.381" endtime="20251211 04:11:41.662"/>
</kw>
<kw name="Set Selenium Implicit Wait" library="SeleniumLibrary">
<arg>5</arg>
<doc>Sets the implicit wait value used by Selenium.</doc>
<status status="PASS" starttime="20251211 04:11:41.663" endtime="20251211 04:11:41.924"/>
</kw>
<status status="PASS" starttime="20251211 04:11:34.090" endtime="20251211 04:11:41.924"/>
</kw>
<kw name="Input Text" library="SeleniumLibrary">
<arg>id=user-name</arg>
<arg>standard_user</arg>
<doc>Types the given ``text`` into the text field identified by ``locator``.</doc>
<msg timestamp="20251211 04:11:41.926" level="INFO">Typing text 'standard_user' into text field 'id=user-name'.</msg>
<status status="PASS" starttime="20251211 04:11:41.926" endtime="20251211 04:11:43.271"/>
</kw>
<kw name="Input Text" library="SeleniumLibrary">
<arg>id=password</arg>
<arg>wrong_password</arg>
<doc>Types the given ``text`` into the text field identified by ``locator``.</doc>
<msg timestamp="20251211 04:11:43.272" level="INFO">Typing text 'wrong_password' into text field 'id=password'.</msg>
<status status="PASS" starttime="20251211 04:11:43.272" endtime="20251211 04:11:44.428"/>
</kw>
<kw name="Click Button" library="SeleniumLibrary">
<arg>id=login-button</arg>
<doc>Clicks the button identified by ``locator``.</doc>
<msg timestamp="20251211 04:11:44.429" level="INFO">Clicking button 'id=login-button'.</msg>
<status status="PASS" starttime="20251211 04:11:44.429" endtime="20251211 04:11:45.275"/>
</kw>
<kw name="Wait Until Page Contains Element" library="SeleniumLibrary">
<arg>css=.error-message-container</arg>
<doc>Waits until the element ``locator`` appears on the current page.</doc>
<status status="PASS" starttime="20251211 04:11:45.275" endtime="20251211 04:11:45.551"/>
</kw>
<kw name="Page Should Contain" library="SeleniumLibrary">
<arg>Epic sadface: Username and password do not match</arg>
<doc>Verifies that current page contains ``text``.</doc>
<msg timestamp="20251211 04:11:46.122" level="INFO">Current page contains text 'Epic sadface: Username and password do not match'.</msg>
<status status="PASS" starttime="20251211 04:11:45.552" endtime="20251211 04:11:46.122"/>
</kw>
<kw name="Close Browser" library="resources_safari">
<kw name="Close All Browsers" library="SeleniumLibrary">
<doc>Closes all open browsers and resets the browser cache.</doc>
<status status="PASS" starttime="20251211 04:11:46.122" endtime="20251211 04:11:47.865"/>
</kw>
<status status="PASS" starttime="20251211 04:11:46.122" endtime="20251211 04:11:47.865"/>
</kw>
<doc>Проверка ошибки при вводе неправильного пароля.</doc>
<status status="PASS" starttime="20251211 04:11:34.089" endtime="20251211 04:11:47.866"/>
</test>
<status status="FAIL" starttime="20251211 04:11:24.814" endtime="20251211 04:11:47.867"/>
</suite>
<suite id="s1-s2" name="2 Logout Tests" source="C:\Users\Asus\Desktop\Software_Testing\robotTests\testCasesSafari\2_logout_tests.robot">
<test id="s1-s2-t1" name="Logout After Login" line="5">
<kw name="Open SauceDemo" library="resources_safari">
<doc>Открыть сайт в Safari фиксированной версии.</doc>
<kw name="Open Browser" library="SeleniumLibrary">
<arg>url=${URL}</arg>
<arg>browser=${BROWSER}</arg>
<arg>remote_url=${REMOTE_URL}</arg>
<arg>desired_capabilities=browser:Safari,browser_version:15,os:OS X,os_version:Monterey,build:HW3_Safari,project:SauceDemo</arg>
<doc>Opens a new browser instance to the optional ``url``.</doc>
<msg timestamp="20251211 04:11:47.873" level="WARN">desired_capabilities has been deprecated and removed. Please use options to configure browsers as per documentation.</msg>
<msg timestamp="20251211 04:11:47.873" level="INFO">Opening browser 'safari' to base url 'https://www.saucedemo.com/' through remote server at 'https://diaskasimzhan_VUQrv0:1pwxKX8vPfaCFrsVcJPp@hub-cloud.browserstack.com/wd/hub'.</msg>
<msg timestamp="20251211 04:11:55.833" level="INFO">Cannot capture screenshot because no browser is open.</msg>
<msg timestamp="20251211 04:11:55.833" level="FAIL">WebDriverException: Message: Request body does not contain required parameter 'type'.
</msg>
<status status="FAIL" starttime="20251211 04:11:47.872" endtime="20251211 04:11:55.834"/>
</kw>
<kw name="Maximize Browser Window" library="SeleniumLibrary">
<doc>Maximizes current browser window.</doc>
<status status="NOT RUN" starttime="20251211 04:11:55.834" endtime="20251211 04:11:55.834"/>
</kw>
<kw name="Set Selenium Implicit Wait" library="SeleniumLibrary">
<arg>5</arg>
<doc>Sets the implicit wait value used by Selenium.</doc>
<status status="NOT RUN" starttime="20251211 04:11:55.834" endtime="20251211 04:11:55.834"/>
</kw>
<status status="FAIL" starttime="20251211 04:11:47.872" endtime="20251211 04:11:55.834"/>
</kw>
<kw name="Login With Valid Credentials" library="resources_safari">
<status status="NOT RUN" starttime="20251211 04:11:55.834" endtime="20251211 04:11:55.834"/>
</kw>
<kw name="Wait Until Element Is Visible" library="SeleniumLibrary">
<arg>id=react-burger-menu-btn</arg>
<arg>10s</arg>
<doc>Waits until the element ``locator`` is visible.</doc>
<status status="NOT RUN" starttime="20251211 04:11:55.834" endtime="20251211 04:11:55.834"/>
</kw>
<kw name="Click Button" library="SeleniumLibrary">
<arg>id=react-burger-menu-btn</arg>
<doc>Clicks the button identified by ``locator``.</doc>
<status status="NOT RUN" starttime="20251211 04:11:55.834" endtime="20251211 04:11:55.834"/>
</kw>
<kw name="Wait Until Element Is Visible" library="SeleniumLibrary">
<arg>id=logout_sidebar_link</arg>
<arg>10s</arg>
<doc>Waits until the element ``locator`` is visible.</doc>
<status status="NOT RUN" starttime="20251211 04:11:55.834" endtime="20251211 04:11:55.834"/>
</kw>
<kw name="Click Element" library="SeleniumLibrary">
<arg>id=logout_sidebar_link</arg>
<doc>Click the element identified by ``locator``.</doc>
<status status="NOT RUN" starttime="20251211 04:11:55.835" endtime="20251211 04:11:55.835"/>
</kw>
<kw name="Wait Until Element Is Visible" library="SeleniumLibrary">
<arg>id=login-button</arg>
<arg>10s</arg>
<doc>Waits until the element ``locator`` is visible.</doc>
<status status="NOT RUN" starttime="20251211 04:11:55.835" endtime="20251211 04:11:55.835"/>
</kw>
<kw name="Page Should Contain Element" library="SeleniumLibrary">
<arg>id=login-button</arg>
<doc>Verifies that element ``locator`` is found on the current page.</doc>
<status status="NOT RUN" starttime="20251211 04:11:55.835" endtime="20251211 04:11:55.835"/>
</kw>
<kw name="Close Browser" library="resources_safari">
<status status="NOT RUN" starttime="20251211 04:11:55.835" endtime="20251211 04:11:55.835"/>
</kw>
<doc>Проверка выхода из системы.</doc>
<status status="FAIL" starttime="20251211 04:11:47.871" endtime="20251211 04:11:55.836">WebDriverException: Message: Request body does not contain required parameter 'type'.
</status>
</test>
<status status="FAIL" starttime="20251211 04:11:47.868" endtime="20251211 04:11:55.836"/>
</suite>
<suite id="s1-s3" name="3 Add To Cart Tests" source="C:\Users\Asus\Desktop\Software_Testing\robotTests\testCasesSafari\3_add_to_cart_tests.robot">
<test id="s1-s3-t1" name="Add Item To Cart" line="5">
<kw name="Open SauceDemo" library="resources_safari">
<doc>Открыть сайт в Safari фиксированной версии.</doc>
<kw name="Open Browser" library="SeleniumLibrary">
<arg>url=${URL}</arg>
<arg>browser=${BROWSER}</arg>
<arg>remote_url=${REMOTE_URL}</arg>
<arg>desired_capabilities=browser:Safari,browser_version:15,os:OS X,os_version:Monterey,build:HW3_Safari,project:SauceDemo</arg>
<doc>Opens a new browser instance to the optional ``url``.</doc>
<msg timestamp="20251211 04:11:55.843" level="WARN">desired_capabilities has been deprecated and removed. Please use options to configure browsers as per documentation.</msg>
<msg timestamp="20251211 04:11:55.844" level="INFO">Opening browser 'safari' to base url 'https://www.saucedemo.com/' through remote server at 'https://diaskasimzhan_VUQrv0:1pwxKX8vPfaCFrsVcJPp@hub-cloud.browserstack.com/wd/hub'.</msg>
<status status="PASS" starttime="20251211 04:11:55.842" endtime="20251211 04:12:02.585"/>
</kw>
<kw name="Maximize Browser Window" library="SeleniumLibrary">
<doc>Maximizes current browser window.</doc>
<status status="PASS" starttime="20251211 04:12:02.585" endtime="20251211 04:12:02.869"/>
</kw>
<kw name="Set Selenium Implicit Wait" library="SeleniumLibrary">
<arg>5</arg>
<doc>Sets the implicit wait value used by Selenium.</doc>
<status status="PASS" starttime="20251211 04:12:02.869" endtime="20251211 04:12:03.144"/>
</kw>
<status status="PASS" starttime="20251211 04:11:55.842" endtime="20251211 04:12:03.144"/>
</kw>
<kw name="Login With Valid Credentials" library="resources_safari">
<kw name="Input Text" library="SeleniumLibrary">
<arg>id=user-name</arg>
<arg>${USERNAME}</arg>
<doc>Types the given ``text`` into the text field identified by ``locator``.</doc>
<msg timestamp="20251211 04:12:03.145" level="INFO">Typing text 'standard_user' into text field 'id=user-name'.</msg>
<status status="PASS" starttime="20251211 04:12:03.145" endtime="20251211 04:12:04.250"/>
</kw>
<kw name="Input Text" library="SeleniumLibrary">
<arg>id=password</arg>
<arg>${PASSWORD}</arg>
<doc>Types the given ``text`` into the text field identified by ``locator``.</doc>
<msg timestamp="20251211 04:12:04.251" level="INFO">Typing text 'secret_sauce' into text field 'id=password'.</msg>
<status status="PASS" starttime="20251211 04:12:04.251" endtime="20251211 04:12:05.369"/>
</kw>
<kw name="Click Button" library="SeleniumLibrary">
<arg>id=login-button</arg>
<doc>Clicks the button identified by ``locator``.</doc>
<msg timestamp="20251211 04:12:05.369" level="INFO">Clicking button 'id=login-button'.</msg>
<status status="PASS" starttime="20251211 04:12:05.369" endtime="20251211 04:12:06.551"/>
</kw>
<status status="PASS" starttime="20251211 04:12:03.145" endtime="20251211 04:12:06.551"/>
</kw>
<kw name="Wait Until Page Contains Element" library="SeleniumLibrary">
<arg>id=add-to-cart-sauce-labs-backpack</arg>
<doc>Waits until the element ``locator`` appears on the current page.</doc>
<status status="PASS" starttime="20251211 04:12:06.551" endtime="20251211 04:12:06.863"/>
</kw>
<kw name="Click Button" library="SeleniumLibrary">
<arg>id=add-to-cart-sauce-labs-backpack</arg>
<doc>Clicks the button identified by ``locator``.</doc>
<msg timestamp="20251211 04:12:06.864" level="INFO">Clicking button 'id=add-to-cart-sauce-labs-backpack'.</msg>
<status status="PASS" starttime="20251211 04:12:06.864" endtime="20251211 04:12:08.245"/>
</kw>
<kw name="Click Element" library="SeleniumLibrary">
<arg>css=.shopping_cart_link</arg>
<doc>Click the element identified by ``locator``.</doc>
<msg timestamp="20251211 04:12:08.245" level="INFO">Clicking element 'css=.shopping_cart_link'.</msg>
<status status="PASS" starttime="20251211 04:12:08.245" endtime="20251211 04:12:08.794"/>
</kw>
<kw name="Page Should Contain" library="SeleniumLibrary">
<arg>Sauce Labs Backpack</arg>
<doc>Verifies that current page contains ``text``.</doc>
<msg timestamp="20251211 04:12:09.369" level="INFO">Current page contains text 'Sauce Labs Backpack'.</msg>
<status status="PASS" starttime="20251211 04:12:08.794" endtime="20251211 04:12:09.369"/>
</kw>
<kw name="Close Browser" library="resources_safari">
<kw name="Close All Browsers" library="SeleniumLibrary">
<doc>Closes all open browsers and resets the browser cache.</doc>
<status status="PASS" starttime="20251211 04:12:09.370" endtime="20251211 04:12:11.081"/>
</kw>
<status status="PASS" starttime="20251211 04:12:09.370" endtime="20251211 04:12:11.081"/>
</kw>
<doc>Проверка добавления товара в корзину.</doc>
<status status="PASS" starttime="20251211 04:11:55.841" endtime="20251211 04:12:11.081"/>
</test>
<status status="PASS" starttime="20251211 04:11:55.838" endtime="20251211 04:12:11.082"/>
</suite>
<suite id="s1-s4" name="4 Checkout Tests" source="C:\Users\Asus\Desktop\Software_Testing\robotTests\testCasesSafari\4_checkout_tests.robot">
<test id="s1-s4-t1" name="Complete Checkout Process" line="5">
<kw name="Open SauceDemo" library="resources_safari">
<doc>Открыть сайт в Safari фиксированной версии.</doc>
<kw name="Open Browser" library="SeleniumLibrary">
<arg>url=${URL}</arg>
<arg>browser=${BROWSER}</arg>
<arg>remote_url=${REMOTE_URL}</arg>
<arg>desired_capabilities=browser:Safari,browser_version:15,os:OS X,os_version:Monterey,build:HW3_Safari,project:SauceDemo</arg>
<doc>Opens a new browser instance to the optional ``url``.</doc>
<msg timestamp="20251211 04:12:11.089" level="WARN">desired_capabilities has been deprecated and removed. Please use options to configure browsers as per documentation.</msg>
<msg timestamp="20251211 04:12:11.090" level="INFO">Opening browser 'safari' to base url 'https://www.saucedemo.com/' through remote server at 'https://diaskasimzhan_VUQrv0:1pwxKX8vPfaCFrsVcJPp@hub-cloud.browserstack.com/wd/hub'.</msg>
<status status="PASS" starttime="20251211 04:12:11.089" endtime="20251211 04:12:20.943"/>
</kw>
<kw name="Maximize Browser Window" library="SeleniumLibrary">
<doc>Maximizes current browser window.</doc>
<status status="PASS" starttime="20251211 04:12:20.943" endtime="20251211 04:12:21.231"/>
</kw>
<kw name="Set Selenium Implicit Wait" library="SeleniumLibrary">
<arg>5</arg>
<doc>Sets the implicit wait value used by Selenium.</doc>
<status status="PASS" starttime="20251211 04:12:21.231" endtime="20251211 04:12:21.504"/>
</kw>
<status status="PASS" starttime="20251211 04:12:11.088" endtime="20251211 04:12:21.504"/>
</kw>
<kw name="Login With Valid Credentials" library="resources_safari">
<kw name="Input Text" library="SeleniumLibrary">
<arg>id=user-name</arg>
<arg>${USERNAME}</arg>
<doc>Types the given ``text`` into the text field identified by ``locator``.</doc>
<msg timestamp="20251211 04:12:21.506" level="INFO">Typing text 'standard_user' into text field 'id=user-name'.</msg>
<status status="PASS" starttime="20251211 04:12:21.505" endtime="20251211 04:12:22.644"/>
</kw>
<kw name="Input Text" library="SeleniumLibrary">
<arg>id=password</arg>
<arg>${PASSWORD}</arg>
<doc>Types the given ``text`` into the text field identified by ``locator``.</doc>
<msg timestamp="20251211 04:12:22.645" level="INFO">Typing text 'secret_sauce' into text field 'id=password'.</msg>
<status status="PASS" starttime="20251211 04:12:22.645" endtime="20251211 04:12:23.707"/>
</kw>
<kw name="Click Button" library="SeleniumLibrary">
<arg>id=login-button</arg>
<doc>Clicks the button identified by ``locator``.</doc>
<msg timestamp="20251211 04:12:23.707" level="INFO">Clicking button 'id=login-button'.</msg>
<status status="PASS" starttime="20251211 04:12:23.707" endtime="20251211 04:12:24.741"/>
</kw>
<status status="PASS" starttime="20251211 04:12:21.505" endtime="20251211 04:12:24.741"/>
</kw>
<kw name="Click Button" library="SeleniumLibrary">
<arg>id=add-to-cart-sauce-labs-bike-light</arg>
<doc>Clicks the button identified by ``locator``.</doc>
<msg timestamp="20251211 04:12:24.742" level="INFO">Clicking button 'id=add-to-cart-sauce-labs-bike-light'.</msg>
<status status="PASS" starttime="20251211 04:12:24.742" endtime="20251211 04:12:26.309"/>
</kw>
<kw name="Click Element" library="SeleniumLibrary">
<arg>css=.shopping_cart_link</arg>
<doc>Click the element identified by ``locator``.</doc>
<msg timestamp="20251211 04:12:26.310" level="INFO">Clicking element 'css=.shopping_cart_link'.</msg>
<status status="PASS" starttime="20251211 04:12:26.309" endtime="20251211 04:12:26.885"/>
</kw>
<kw name="Wait Until Element Is Visible" library="SeleniumLibrary">
<arg>id=checkout</arg>
<arg>timeout=5s</arg>
<doc>Waits until the element ``locator`` is visible.</doc>
<status status="PASS" starttime="20251211 04:12:26.885" endtime="20251211 04:12:27.429"/>
</kw>
<kw name="Click Button" library="SeleniumLibrary">
<arg>id=checkout</arg>
<doc>Clicks the button identified by ``locator``.</doc>
<msg timestamp="20251211 04:12:27.430" level="INFO">Clicking button 'id=checkout'.</msg>
<status status="PASS" starttime="20251211 04:12:27.429" endtime="20251211 04:12:28.884"/>
</kw>
<kw name="Input Text" library="SeleniumLibrary">
<arg>id=first-name</arg>
<arg>Test</arg>
<doc>Types the given ``text`` into the text field identified by ``locator``.</doc>
<msg timestamp="20251211 04:12:28.885" level="INFO">Typing text 'Test' into text field 'id=first-name'.</msg>
<status status="PASS" starttime="20251211 04:12:28.884" endtime="20251211 04:12:29.744"/>
</kw>
<kw name="Input Text" library="SeleniumLibrary">
<arg>id=last-name</arg>
<arg>User</arg>
<doc>Types the given ``text`` into the text field identified by ``locator``.</doc>
<msg timestamp="20251211 04:12:29.745" level="INFO">Typing text 'User' into text field 'id=last-name'.</msg>
<status status="PASS" starttime="20251211 04:12:29.745" endtime="20251211 04:12:30.699"/>
</kw>
<kw name="Input Text" library="SeleniumLibrary">
<arg>id=postal-code</arg>
<arg>12345</arg>
<doc>Types the given ``text`` into the text field identified by ``locator``.</doc>
<msg timestamp="20251211 04:12:30.700" level="INFO">Typing text '12345' into text field 'id=postal-code'.</msg>
<status status="PASS" starttime="20251211 04:12:30.700" endtime="20251211 04:12:31.914"/>
</kw>
<kw name="Click Button" library="SeleniumLibrary">
<arg>id=continue</arg>
<doc>Clicks the button identified by ``locator``.</doc>
<msg timestamp="20251211 04:12:31.916" level="INFO">Clicking button 'id=continue'.</msg>
<status status="PASS" starttime="20251211 04:12:31.915" endtime="20251211 04:12:32.799"/>
</kw>
<kw name="Wait Until Page Contains" library="SeleniumLibrary">
<arg>Payment Information</arg>
<doc>Waits until ``text`` appears on the current page.</doc>
<status status="PASS" starttime="20251211 04:12:32.800" endtime="20251211 04:12:33.070"/>
</kw>
<kw name="Click Button" library="SeleniumLibrary">
<arg>id=finish</arg>
<doc>Clicks the button identified by ``locator``.</doc>
<msg timestamp="20251211 04:12:33.071" level="INFO">Clicking button 'id=finish'.</msg>
<status status="PASS" starttime="20251211 04:12:33.071" endtime="20251211 04:12:34.467"/>
</kw>
<kw name="Wait Until Page Contains" library="SeleniumLibrary">
<arg>Thank you for your order!</arg>
<doc>Waits until ``text`` appears on the current page.</doc>
<status status="PASS" starttime="20251211 04:12:34.468" endtime="20251211 04:12:34.736"/>
</kw>
<kw name="Page Should Contain" library="SeleniumLibrary">
<arg>Thank you for your order!</arg>
<doc>Verifies that current page contains ``text``.</doc>
<msg timestamp="20251211 04:12:35.276" level="INFO">Current page contains text 'Thank you for your order!'.</msg>
<status status="PASS" starttime="20251211 04:12:34.736" endtime="20251211 04:12:35.276"/>
</kw>
<kw name="Close Browser" library="resources_safari">
<kw name="Close All Browsers" library="SeleniumLibrary">
<doc>Closes all open browsers and resets the browser cache.</doc>
<status status="PASS" starttime="20251211 04:12:35.277" endtime="20251211 04:12:36.904"/>
</kw>
<status status="PASS" starttime="20251211 04:12:35.276" endtime="20251211 04:12:36.905"/>
</kw>
<doc>Проверка успешного оформления заказа.</doc>
<status status="PASS" starttime="20251211 04:12:11.088" endtime="20251211 04:12:36.905"/>
</test>
<status status="PASS" starttime="20251211 04:12:11.084" endtime="20251211 04:12:36.906"/>
</suite>
<status status="FAIL" starttime="20251211 04:11:24.798" endtime="20251211 04:12:36.907"/>
</suite>
<statistics>
<total>
<stat pass="3" fail="2" skip="0">All Tests</stat>
</total>
<tag>
</tag>
<suite>
<stat pass="3" fail="2" skip="0" id="s1" name="testCasesSafari">testCasesSafari</stat>
<stat pass="1" fail="1" skip="0" id="s1-s1" name="1 Login Tests">testCasesSafari.1 Login Tests</stat>
<stat pass="0" fail="1" skip="0" id="s1-s2" name="2 Logout Tests">testCasesSafari.2 Logout Tests</stat>
<stat pass="1" fail="0" skip="0" id="s1-s3" name="3 Add To Cart Tests">testCasesSafari.3 Add To Cart Tests</stat>
<stat pass="1" fail="0" skip="0" id="s1-s4" name="4 Checkout Tests">testCasesSafari.4 Checkout Tests</stat>
</suite>
</statistics>
<errors>
<msg timestamp="20251211 04:11:25.025" level="WARN">desired_capabilities has been deprecated and removed. Please use options to configure browsers as per documentation.</msg>
<msg timestamp="20251211 04:11:34.091" level="WARN">desired_capabilities has been deprecated and removed. Please use options to configure browsers as per documentation.</msg>
<msg timestamp="20251211 04:11:47.873" level="WARN">desired_capabilities has been deprecated and removed. Please use options to configure browsers as per documentation.</msg>
<msg timestamp="20251211 04:11:55.843" level="WARN">desired_capabilities has been deprecated and removed. Please use options to configure browsers as per documentation.</msg>
<msg timestamp="20251211 04:12:11.089" level="WARN">desired_capabilities has been deprecated and removed. Please use options to configure browsers as per documentation.</msg>
</errors>
</robot>
