<?xml version="1.0" encoding="UTF-8"?>
<robot generator="Robot 6.1.1 (Python 3.10.6 on win32)" generated="20251022 20:13:45.252" rpa="false" schemaversion="4">
<suite id="s1" name="testCases" source="C:\Users\Asus\Desktop\Software_Testing\robotTests\testCases">
<suite id="s1-s1" name="1 Login Tests" source="C:\Users\Asus\Desktop\Software_Testing\robotTests\testCases\1_login_tests.robot">
<test id="s1-s1-t1" name="Login With Valid User" line="5">
<kw name="Open SauceDemo" library="resources">
<kw name="Open Browser" library="SeleniumLibrary">
<arg>${URL}</arg>
<arg>${BROWSER}</arg>
<doc>Opens a new browser instance to the optional ``url``.</doc>
<msg timestamp="20251022 20:13:45.512" level="INFO">Opening browser 'chrome' to base url 'https://www.saucedemo.com/'.</msg>
<status status="PASS" starttime="20251022 20:13:45.511" endtime="20251022 20:13:48.597"/>
</kw>
<kw name="Maximize Browser Window" library="SeleniumLibrary">
<doc>Maximizes current browser window.</doc>
<status status="PASS" starttime="20251022 20:13:48.597" endtime="20251022 20:13:48.635"/>
</kw>
<kw name="Set Selenium Implicit Wait" library="SeleniumLibrary">
<arg>5</arg>
<doc>Sets the implicit wait value used by Selenium.</doc>
<status status="PASS" starttime="20251022 20:13:48.635" endtime="20251022 20:13:48.639"/>
</kw>
<status status="PASS" starttime="20251022 20:13:45.510" endtime="20251022 20:13:48.639"/>
</kw>
<kw name="Login With Valid Credentials" library="resources">
<kw name="Input Text" library="SeleniumLibrary">
<arg>id=user-name</arg>
<arg>${USERNAME}</arg>
<doc>Types the given ``text`` into the text field identified by ``locator``.</doc>
<msg timestamp="20251022 20:13:48.642" level="INFO">Typing text 'standard_user' into text field 'id=user-name'.</msg>
<status status="PASS" starttime="20251022 20:13:48.640" endtime="20251022 20:13:48.835"/>
</kw>
<kw name="Input Text" library="SeleniumLibrary">
<arg>id=password</arg>
<arg>${PASSWORD}</arg>
<doc>Types the given ``text`` into the text field identified by ``locator``.</doc>
<msg timestamp="20251022 20:13:48.836" level="INFO">Typing text 'secret_sauce' into text field 'id=password'.</msg>
<status status="PASS" starttime="20251022 20:13:48.835" endtime="20251022 20:13:48.960"/>
</kw>
<kw name="Click Button" library="SeleniumLibrary">
<arg>id=login-button</arg>
<doc>Clicks the button identified by ``locator``.</doc>
<msg timestamp="20251022 20:13:48.960" level="INFO">Clicking button 'id=login-button'.</msg>
<status status="PASS" starttime="20251022 20:13:48.960" endtime="20251022 20:13:49.071"/>
</kw>
<status status="PASS" starttime="20251022 20:13:48.639" endtime="20251022 20:13:49.072"/>
</kw>
<kw name="Wait Until Page Contains Element" library="SeleniumLibrary">
<arg>xpath=//span[text()='Products']</arg>
<doc>Waits until the element ``locator`` appears on the current page.</doc>
<status status="PASS" starttime="20251022 20:13:49.072" endtime="20251022 20:13:49.085"/>
</kw>
<kw name="Page Should Contain Element" library="SeleniumLibrary">
<arg>xpath=//span[text()='Products']</arg>
<doc>Verifies that element ``locator`` is found on the current page.</doc>
<msg timestamp="20251022 20:13:49.093" level="INFO">Current page contains element 'xpath=//span[text()='Products']'.</msg>
<status status="PASS" starttime="20251022 20:13:49.085" endtime="20251022 20:13:49.094"/>
</kw>
<kw name="Close Browser" library="resources">
<kw name="Close All Browsers" library="SeleniumLibrary">
<doc>Closes all open browsers and resets the browser cache.</doc>
<status status="PASS" starttime="20251022 20:13:49.094" endtime="20251022 20:13:51.247"/>
</kw>
<status status="PASS" starttime="20251022 20:13:49.094" endtime="20251022 20:13:51.247"/>
</kw>
<doc>Проверка успешного входа на сайт с правильными данными.</doc>
<status status="PASS" starttime="20251022 20:13:45.510" endtime="20251022 20:13:51.248"/>
</test>
<test id="s1-s1-t2" name="Login With Invalid User" line="13">
<kw name="Open Browser" library="SeleniumLibrary">
<arg>${URL}</arg>
<arg>${BROWSER}</arg>
<doc>Opens a new browser instance to the optional ``url``.</doc>
<msg timestamp="20251022 20:13:51.250" level="INFO">Opening browser 'chrome' to base url 'https://www.saucedemo.com/'.</msg>
<status status="PASS" starttime="20251022 20:13:51.250" endtime="20251022 20:13:54.376"/>
</kw>
<kw name="Input Text" library="SeleniumLibrary">
<arg>id=user-name</arg>
<arg>standard_user</arg>
<doc>Types the given ``text`` into the text field identified by ``locator``.</doc>
<msg timestamp="20251022 20:13:54.376" level="INFO">Typing text 'standard_user' into text field 'id=user-name'.</msg>
<status status="PASS" starttime="20251022 20:13:54.376" endtime="20251022 20:13:54.493"/>
</kw>
<kw name="Input Text" library="SeleniumLibrary">
<arg>id=password</arg>
<arg>wrong_password</arg>
<doc>Types the given ``text`` into the text field identified by ``locator``.</doc>
<msg timestamp="20251022 20:13:54.494" level="INFO">Typing text 'wrong_password' into text field 'id=password'.</msg>
<status status="PASS" starttime="20251022 20:13:54.493" endtime="20251022 20:13:54.612"/>
</kw>
<kw name="Click Button" library="SeleniumLibrary">
<arg>id=login-button</arg>
<doc>Clicks the button identified by ``locator``.</doc>
<msg timestamp="20251022 20:13:54.614" level="INFO">Clicking button 'id=login-button'.</msg>
<status status="PASS" starttime="20251022 20:13:54.613" endtime="20251022 20:13:54.693"/>
</kw>
<kw name="Wait Until Page Contains Element" library="SeleniumLibrary">
<arg>css=.error-message-container</arg>
<doc>Waits until the element ``locator`` appears on the current page.</doc>
<status status="PASS" starttime="20251022 20:13:54.693" endtime="20251022 20:13:54.704"/>
</kw>
<kw name="Page Should Contain" library="SeleniumLibrary">
<arg>Epic sadface: Username and password do not match</arg>
<doc>Verifies that current page contains ``text``.</doc>
<msg timestamp="20251022 20:13:54.716" level="INFO">Current page contains text 'Epic sadface: Username and password do not match'.</msg>
<status status="PASS" starttime="20251022 20:13:54.704" endtime="20251022 20:13:54.717"/>
</kw>
<kw name="Close Browser" library="resources">
<kw name="Close All Browsers" library="SeleniumLibrary">
<doc>Closes all open browsers and resets the browser cache.</doc>
<status status="PASS" starttime="20251022 20:13:54.717" endtime="20251022 20:13:56.827"/>
</kw>
<status status="PASS" starttime="20251022 20:13:54.717" endtime="20251022 20:13:56.827"/>
</kw>
<doc>Проверка ошибки при вводе неправильного пароля.</doc>
<status status="PASS" starttime="20251022 20:13:51.249" endtime="20251022 20:13:56.828"/>
</test>
<status status="PASS" starttime="20251022 20:13:45.272" endtime="20251022 20:13:56.829"/>
</suite>
<suite id="s1-s2" name="2 Logout Tests" source="C:\Users\Asus\Desktop\Software_Testing\robotTests\testCases\2_logout_tests.robot">
<test id="s1-s2-t1" name="Logout After Login" line="5">
<kw name="Open SauceDemo" library="resources">
<kw name="Open Browser" library="SeleniumLibrary">
<arg>${URL}</arg>
<arg>${BROWSER}</arg>
<doc>Opens a new browser instance to the optional ``url``.</doc>
<msg timestamp="20251022 20:13:56.835" level="INFO">Opening browser 'chrome' to base url 'https://www.saucedemo.com/'.</msg>
<status status="PASS" starttime="20251022 20:13:56.835" endtime="20251022 20:14:00.120"/>
</kw>
<kw name="Maximize Browser Window" library="SeleniumLibrary">
<doc>Maximizes current browser window.</doc>
<status status="PASS" starttime="20251022 20:14:00.120" endtime="20251022 20:14:00.146"/>
</kw>
<kw name="Set Selenium Implicit Wait" library="SeleniumLibrary">
<arg>5</arg>
<doc>Sets the implicit wait value used by Selenium.</doc>
<status status="PASS" starttime="20251022 20:14:00.146" endtime="20251022 20:14:00.148"/>
</kw>
<status status="PASS" starttime="20251022 20:13:56.835" endtime="20251022 20:14:00.148"/>
</kw>
<kw name="Login With Valid Credentials" library="resources">
<kw name="Input Text" library="SeleniumLibrary">
<arg>id=user-name</arg>
<arg>${USERNAME}</arg>
<doc>Types the given ``text`` into the text field identified by ``locator``.</doc>
<msg timestamp="20251022 20:14:00.150" level="INFO">Typing text 'standard_user' into text field 'id=user-name'.</msg>
<status status="PASS" starttime="20251022 20:14:00.149" endtime="20251022 20:14:00.305"/>
</kw>
<kw name="Input Text" library="SeleniumLibrary">
<arg>id=password</arg>
<arg>${PASSWORD}</arg>
<doc>Types the given ``text`` into the text field identified by ``locator``.</doc>
<msg timestamp="20251022 20:14:00.306" level="INFO">Typing text 'secret_sauce' into text field 'id=password'.</msg>
<status status="PASS" starttime="20251022 20:14:00.305" endtime="20251022 20:14:00.416"/>
</kw>
<kw name="Click Button" library="SeleniumLibrary">
<arg>id=login-button</arg>
<doc>Clicks the button identified by ``locator``.</doc>
<msg timestamp="20251022 20:14:00.418" level="INFO">Clicking button 'id=login-button'.</msg>
<status status="PASS" starttime="20251022 20:14:00.418" endtime="20251022 20:14:00.509"/>
</kw>
<status status="PASS" starttime="20251022 20:14:00.149" endtime="20251022 20:14:00.509"/>
</kw>
<kw name="Wait Until Element Is Visible" library="SeleniumLibrary">
<arg>id=react-burger-menu-btn</arg>
<doc>Waits until the element ``locator`` is visible.</doc>
<status status="PASS" starttime="20251022 20:14:00.510" endtime="20251022 20:14:00.532"/>
</kw>
<kw name="Click Button" library="SeleniumLibrary">
<arg>id=react-burger-menu-btn</arg>
<doc>Clicks the button identified by ``locator``.</doc>
<msg timestamp="20251022 20:14:00.533" level="INFO">Clicking button 'id=react-burger-menu-btn'.</msg>
<status status="PASS" starttime="20251022 20:14:00.532" endtime="20251022 20:14:00.660"/>
</kw>
<kw name="Wait Until Element Is Visible" library="SeleniumLibrary">
<arg>id=logout_sidebar_link</arg>
<doc>Waits until the element ``locator`` is visible.</doc>
<status status="PASS" starttime="20251022 20:14:00.662" endtime="20251022 20:14:00.898"/>
</kw>
<kw name="Click Link" library="SeleniumLibrary">
<arg>id=logout_sidebar_link</arg>
<doc>Clicks a link identified by ``locator``.</doc>
<msg timestamp="20251022 20:14:00.899" level="INFO">Clicking link 'id=logout_sidebar_link'.</msg>
<status status="PASS" starttime="20251022 20:14:00.899" endtime="20251022 20:14:00.966"/>
</kw>
<kw name="Wait Until Element Is Visible" library="SeleniumLibrary">
<arg>id=login-button</arg>
<doc>Waits until the element ``locator`` is visible.</doc>
<status status="PASS" starttime="20251022 20:14:00.967" endtime="20251022 20:14:00.985"/>
</kw>
<kw name="Page Should Contain Element" library="SeleniumLibrary">
<arg>id=login-button</arg>
<doc>Verifies that element ``locator`` is found on the current page.</doc>
<msg timestamp="20251022 20:14:00.994" level="INFO">Current page contains element 'id=login-button'.</msg>
<status status="PASS" starttime="20251022 20:14:00.986" endtime="20251022 20:14:00.994"/>
</kw>
<kw name="Close Browser" library="resources">
<kw name="Close All Browsers" library="SeleniumLibrary">
<doc>Closes all open browsers and resets the browser cache.</doc>
<status status="PASS" starttime="20251022 20:14:00.994" endtime="20251022 20:14:03.119"/>
</kw>
<status status="PASS" starttime="20251022 20:14:00.994" endtime="20251022 20:14:03.119"/>
</kw>
<doc>Проверка выхода из системы.</doc>
<status status="PASS" starttime="20251022 20:13:56.835" endtime="20251022 20:14:03.120"/>
</test>
<status status="PASS" starttime="20251022 20:13:56.830" endtime="20251022 20:14:03.120"/>
</suite>
<suite id="s1-s3" name="3 Add To Cart Tests" source="C:\Users\Asus\Desktop\Software_Testing\robotTests\testCases\3_add_to_cart_tests.robot">
<test id="s1-s3-t1" name="Add Item To Cart" line="5">
<kw name="Open SauceDemo" library="resources">
<kw name="Open Browser" library="SeleniumLibrary">
<arg>${URL}</arg>
<arg>${BROWSER}</arg>
<doc>Opens a new browser instance to the optional ``url``.</doc>
<msg timestamp="20251022 20:14:03.126" level="INFO">Opening browser 'chrome' to base url 'https://www.saucedemo.com/'.</msg>
<status status="PASS" starttime="20251022 20:14:03.126" endtime="20251022 20:14:06.239"/>
</kw>
<kw name="Maximize Browser Window" library="SeleniumLibrary">
<doc>Maximizes current browser window.</doc>
<status status="PASS" starttime="20251022 20:14:06.240" endtime="20251022 20:14:06.273"/>
</kw>
<kw name="Set Selenium Implicit Wait" library="SeleniumLibrary">
<arg>5</arg>
<doc>Sets the implicit wait value used by Selenium.</doc>
<status status="PASS" starttime="20251022 20:14:06.273" endtime="20251022 20:14:06.276"/>
</kw>
<status status="PASS" starttime="20251022 20:14:03.126" endtime="20251022 20:14:06.276"/>
</kw>
<kw name="Login With Valid Credentials" library="resources">
<kw name="Input Text" library="SeleniumLibrary">
<arg>id=user-name</arg>
<arg>${USERNAME}</arg>
<doc>Types the given ``text`` into the text field identified by ``locator``.</doc>
<msg timestamp="20251022 20:14:06.278" level="INFO">Typing text 'standard_user' into text field 'id=user-name'.</msg>
<status status="PASS" starttime="20251022 20:14:06.277" endtime="20251022 20:14:06.423"/>
</kw>
<kw name="Input Text" library="SeleniumLibrary">
<arg>id=password</arg>
<arg>${PASSWORD}</arg>
<doc>Types the given ``text`` into the text field identified by ``locator``.</doc>
<msg timestamp="20251022 20:14:06.424" level="INFO">Typing text 'secret_sauce' into text field 'id=password'.</msg>
<status status="PASS" starttime="20251022 20:14:06.423" endtime="20251022 20:14:06.560"/>
</kw>
<kw name="Click Button" library="SeleniumLibrary">
<arg>id=login-button</arg>
<doc>Clicks the button identified by ``locator``.</doc>
<msg timestamp="20251022 20:14:06.560" level="INFO">Clicking button 'id=login-button'.</msg>
<status status="PASS" starttime="20251022 20:14:06.560" endtime="20251022 20:14:06.647"/>
</kw>
<status status="PASS" starttime="20251022 20:14:06.277" endtime="20251022 20:14:06.647"/>
</kw>
<kw name="Wait Until Page Contains Element" library="SeleniumLibrary">
<arg>id=add-to-cart-sauce-labs-backpack</arg>
<doc>Waits until the element ``locator`` appears on the current page.</doc>
<status status="PASS" starttime="20251022 20:14:06.648" endtime="20251022 20:14:06.658"/>
</kw>
<kw name="Click Button" library="SeleniumLibrary">
<arg>id=add-to-cart-sauce-labs-backpack</arg>
<doc>Clicks the button identified by ``locator``.</doc>
<msg timestamp="20251022 20:14:06.659" level="INFO">Clicking button 'id=add-to-cart-sauce-labs-backpack'.</msg>
<status status="PASS" starttime="20251022 20:14:06.658" endtime="20251022 20:14:06.786"/>
</kw>
<kw name="Click Element" library="SeleniumLibrary">
<arg>css=.shopping_cart_link</arg>
<doc>Click the element identified by ``locator``.</doc>
<msg timestamp="20251022 20:14:06.788" level="INFO">Clicking element 'css=.shopping_cart_link'.</msg>
<status status="PASS" starttime="20251022 20:14:06.787" endtime="20251022 20:14:06.920"/>
</kw>
<kw name="Page Should Contain" library="SeleniumLibrary">
<arg>Sauce Labs Backpack</arg>
<doc>Verifies that current page contains ``text``.</doc>
<msg timestamp="20251022 20:14:06.936" level="INFO">Current page contains text 'Sauce Labs Backpack'.</msg>
<status status="PASS" starttime="20251022 20:14:06.922" endtime="20251022 20:14:06.936"/>
</kw>
<kw name="Close Browser" library="resources">
<kw name="Close All Browsers" library="SeleniumLibrary">
<doc>Closes all open browsers and resets the browser cache.</doc>
<status status="PASS" starttime="20251022 20:14:06.937" endtime="20251022 20:14:09.073"/>
</kw>
<status status="PASS" starttime="20251022 20:14:06.937" endtime="20251022 20:14:09.073"/>
</kw>
<doc>Проверка добавления товара в корзину.</doc>
<status status="PASS" starttime="20251022 20:14:03.125" endtime="20251022 20:14:09.073"/>
</test>
<status status="PASS" starttime="20251022 20:14:03.122" endtime="20251022 20:14:09.075"/>
</suite>
<suite id="s1-s4" name="4 Checkout Tests" source="C:\Users\Asus\Desktop\Software_Testing\robotTests\testCases\4_checkout_tests.robot">
<test id="s1-s4-t1" name="Complete Checkout Process" line="5">
<kw name="Open SauceDemo" library="resources">
<kw name="Open Browser" library="SeleniumLibrary">
<arg>${URL}</arg>
<arg>${BROWSER}</arg>
<doc>Opens a new browser instance to the optional ``url``.</doc>
<msg timestamp="20251022 20:14:09.082" level="INFO">Opening browser 'chrome' to base url 'https://www.saucedemo.com/'.</msg>
<status status="PASS" starttime="20251022 20:14:09.081" endtime="20251022 20:14:12.618"/>
</kw>
<kw name="Maximize Browser Window" library="SeleniumLibrary">
<doc>Maximizes current browser window.</doc>
<status status="PASS" starttime="20251022 20:14:12.618" endtime="20251022 20:14:12.655"/>
</kw>
<kw name="Set Selenium Implicit Wait" library="SeleniumLibrary">
<arg>5</arg>
<doc>Sets the implicit wait value used by Selenium.</doc>
<status status="PASS" starttime="20251022 20:14:12.656" endtime="20251022 20:14:12.659"/>
</kw>
<status status="PASS" starttime="20251022 20:14:09.081" endtime="20251022 20:14:12.660"/>
</kw>
<kw name="Login With Valid Credentials" library="resources">
<kw name="Input Text" library="SeleniumLibrary">
<arg>id=user-name</arg>
<arg>${USERNAME}</arg>
<doc>Types the given ``text`` into the text field identified by ``locator``.</doc>
<msg timestamp="20251022 20:14:12.662" level="INFO">Typing text 'standard_user' into text field 'id=user-name'.</msg>
<status status="PASS" starttime="20251022 20:14:12.662" endtime="20251022 20:14:12.831"/>
</kw>
<kw name="Input Text" library="SeleniumLibrary">
<arg>id=password</arg>
<arg>${PASSWORD}</arg>
<doc>Types the given ``text`` into the text field identified by ``locator``.</doc>
<msg timestamp="20251022 20:14:12.831" level="INFO">Typing text 'secret_sauce' into text field 'id=password'.</msg>
<status status="PASS" starttime="20251022 20:14:12.831" endtime="20251022 20:14:12.951"/>
</kw>
<kw name="Click Button" library="SeleniumLibrary">
<arg>id=login-button</arg>
<doc>Clicks the button identified by ``locator``.</doc>
<msg timestamp="20251022 20:14:12.952" level="INFO">Clicking button 'id=login-button'.</msg>
<status status="PASS" starttime="20251022 20:14:12.952" endtime="20251022 20:14:13.052"/>
</kw>
<status status="PASS" starttime="20251022 20:14:12.660" endtime="20251022 20:14:13.052"/>
</kw>
<kw name="Click Button" library="SeleniumLibrary">
<arg>id=add-to-cart-sauce-labs-bike-light</arg>
<doc>Clicks the button identified by ``locator``.</doc>
<msg timestamp="20251022 20:14:13.054" level="INFO">Clicking button 'id=add-to-cart-sauce-labs-bike-light'.</msg>
<status status="PASS" starttime="20251022 20:14:13.053" endtime="20251022 20:14:13.162"/>
</kw>
<kw name="Click Element" library="SeleniumLibrary">
<arg>css=.shopping_cart_link</arg>
<doc>Click the element identified by ``locator``.</doc>
<msg timestamp="20251022 20:14:13.163" level="INFO">Clicking element 'css=.shopping_cart_link'.</msg>
<status status="PASS" starttime="20251022 20:14:13.162" endtime="20251022 20:14:13.287"/>
</kw>
<kw name="Click Button" library="SeleniumLibrary">
<arg>id=checkout</arg>
<doc>Clicks the button identified by ``locator``.</doc>
<msg timestamp="20251022 20:14:13.288" level="INFO">Clicking button 'id=checkout'.</msg>
<status status="PASS" starttime="20251022 20:14:13.287" endtime="20251022 20:14:13.361"/>
</kw>
<kw name="Input Text" library="SeleniumLibrary">
<arg>id=first-name</arg>
<arg>Test</arg>
<doc>Types the given ``text`` into the text field identified by ``locator``.</doc>
<msg timestamp="20251022 20:14:13.362" level="INFO">Typing text 'Test' into text field 'id=first-name'.</msg>
<status status="PASS" starttime="20251022 20:14:13.362" endtime="20251022 20:14:13.435"/>
</kw>
<kw name="Input Text" library="SeleniumLibrary">
<arg>id=last-name</arg>
<arg>User</arg>
<doc>Types the given ``text`` into the text field identified by ``locator``.</doc>
<msg timestamp="20251022 20:14:13.436" level="INFO">Typing text 'User' into text field 'id=last-name'.</msg>
<status status="PASS" starttime="20251022 20:14:13.435" endtime="20251022 20:14:13.503"/>
</kw>
<kw name="Input Text" library="SeleniumLibrary">
<arg>id=postal-code</arg>
<arg>12345</arg>
<doc>Types the given ``text`` into the text field identified by ``locator``.</doc>
<msg timestamp="20251022 20:14:13.504" level="INFO">Typing text '12345' into text field 'id=postal-code'.</msg>
<status status="PASS" starttime="20251022 20:14:13.504" endtime="20251022 20:14:13.579"/>
</kw>
<kw name="Click Button" library="SeleniumLibrary">
<arg>id=continue</arg>
<doc>Clicks the button identified by ``locator``.</doc>
<msg timestamp="20251022 20:14:13.580" level="INFO">Clicking button 'id=continue'.</msg>
<status status="PASS" starttime="20251022 20:14:13.580" endtime="20251022 20:14:13.678"/>
</kw>
<kw name="Wait Until Page Contains" library="SeleniumLibrary">
<arg>Payment Information</arg>
<doc>Waits until ``text`` appears on the current page.</doc>
<status status="PASS" starttime="20251022 20:14:13.678" endtime="20251022 20:14:13.692"/>
</kw>
<kw name="Click Button" library="SeleniumLibrary">
<arg>id=finish</arg>
<doc>Clicks the button identified by ``locator``.</doc>
<msg timestamp="20251022 20:14:13.692" level="INFO">Clicking button 'id=finish'.</msg>
<status status="PASS" starttime="20251022 20:14:13.692" endtime="20251022 20:14:13.770"/>
</kw>
<kw name="Wait Until Page Contains" library="SeleniumLibrary">
<arg>Thank you for your order!</arg>
<doc>Waits until ``text`` appears on the current page.</doc>
<status status="PASS" starttime="20251022 20:14:13.771" endtime="20251022 20:14:13.784"/>
</kw>
<kw name="Page Should Contain" library="SeleniumLibrary">
<arg>Thank you for your order!</arg>
<doc>Verifies that current page contains ``text``.</doc>
<msg timestamp="20251022 20:14:13.794" level="INFO">Current page contains text 'Thank you for your order!'.</msg>
<status status="PASS" starttime="20251022 20:14:13.784" endtime="20251022 20:14:13.794"/>
</kw>
<kw name="Close Browser" library="resources">
<kw name="Close All Browsers" library="SeleniumLibrary">
<doc>Closes all open browsers and resets the browser cache.</doc>
<status status="PASS" starttime="20251022 20:14:13.795" endtime="20251022 20:14:15.935"/>
</kw>
<status status="PASS" starttime="20251022 20:14:13.795" endtime="20251022 20:14:15.935"/>
</kw>
<doc>Проверка успешного оформления заказа.</doc>
<status status="PASS" starttime="20251022 20:14:09.080" endtime="20251022 20:14:15.935"/>
</test>
<status status="PASS" starttime="20251022 20:14:09.076" endtime="20251022 20:14:15.936"/>
</suite>
<status status="PASS" starttime="20251022 20:13:45.253" endtime="20251022 20:14:15.937"/>
</suite>
<statistics>
<total>
<stat pass="5" fail="0" skip="0">All Tests</stat>
</total>
<tag>
</tag>
<suite>
<stat pass="5" fail="0" skip="0" id="s1" name="testCases">testCases</stat>
<stat pass="2" fail="0" skip="0" id="s1-s1" name="1 Login Tests">testCases.1 Login Tests</stat>
<stat pass="1" fail="0" skip="0" id="s1-s2" name="2 Logout Tests">testCases.2 Logout Tests</stat>
<stat pass="1" fail="0" skip="0" id="s1-s3" name="3 Add To Cart Tests">testCases.3 Add To Cart Tests</stat>
<stat pass="1" fail="0" skip="0" id="s1-s4" name="4 Checkout Tests">testCases.4 Checkout Tests</stat>
</suite>
</statistics>
<errors>
</errors>
</robot>
