<?xml version="1.0" encoding="UTF-8"?>
<robot generator="Robot 6.1.1 (Python 3.10.6 on win32)" generated="20251211 01:03:38.226" rpa="false" schemaversion="4">
<suite id="s1" name="testCases" source="C:\Users\Asus\Desktop\Software_Testing\robotTests\testCases">
<suite id="s1-s1" name="1 Login Tests" source="C:\Users\Asus\Desktop\Software_Testing\robotTests\testCases\1_login_tests.robot">
<test id="s1-s1-t1" name="Login With Valid User" line="5">
<kw name="Open SauceDemo" library="resources">
<kw name="Open Browser" library="SeleniumLibrary">
<arg>${URL}</arg>
<arg>${BROWSER}</arg>
<doc>Opens a new browser instance to the optional ``url``.</doc>
<msg timestamp="20251211 01:03:38.549" level="INFO">Opening browser 'chrome' to base url 'https://www.saucedemo.com/'.</msg>
<status status="PASS" starttime="20251211 01:03:38.549" endtime="20251211 01:03:49.855"/>
</kw>
<kw name="Maximize Browser Window" library="SeleniumLibrary">
<doc>Maximizes current browser window.</doc>
<status status="PASS" starttime="20251211 01:03:49.855" endtime="20251211 01:03:49.886"/>
</kw>
<kw name="Set Selenium Implicit Wait" library="SeleniumLibrary">
<arg>5</arg>
<doc>Sets the implicit wait value used by Selenium.</doc>
<status status="PASS" starttime="20251211 01:03:49.887" endtime="20251211 01:03:49.889"/>
</kw>
<status status="PASS" starttime="20251211 01:03:38.548" endtime="20251211 01:03:49.889"/>
</kw>
<kw name="Login With Valid Credentials" library="resources">
<kw name="Input Text" library="SeleniumLibrary">
<arg>id=user-name</arg>
<arg>${USERNAME}</arg>
<doc>Types the given ``text`` into the text field identified by ``locator``.</doc>
<msg timestamp="20251211 01:03:49.891" level="INFO">Typing text 'standard_user' into text field 'id=user-name'.</msg>
<status status="PASS" starttime="20251211 01:03:49.890" endtime="20251211 01:03:49.989"/>
</kw>
<kw name="Input Text" library="SeleniumLibrary">
<arg>id=password</arg>
<arg>${PASSWORD}</arg>
<doc>Types the given ``text`` into the text field identified by ``locator``.</doc>
<msg timestamp="20251211 01:03:49.991" level="INFO">Typing text 'secret_sauce' into text field 'id=password'.</msg>
<status status="PASS" starttime="20251211 01:03:49.990" endtime="20251211 01:03:50.059"/>
</kw>
<kw name="Click Button" library="SeleniumLibrary">
<arg>id=login-button</arg>
<doc>Clicks the button identified by ``locator``.</doc>
<msg timestamp="20251211 01:03:50.060" level="INFO">Clicking button 'id=login-button'.</msg>
<status status="PASS" starttime="20251211 01:03:50.059" endtime="20251211 01:03:50.162"/>
</kw>
<status status="PASS" starttime="20251211 01:03:49.890" endtime="20251211 01:03:50.162"/>
</kw>
<kw name="Wait Until Page Contains Element" library="SeleniumLibrary">
<arg>xpath=//span[text()='Products']</arg>
<doc>Waits until the element ``locator`` appears on the current page.</doc>
<status status="PASS" starttime="20251211 01:03:50.162" endtime="20251211 01:03:50.177"/>
</kw>
<kw name="Page Should Contain Element" library="SeleniumLibrary">
<arg>xpath=//span[text()='Products']</arg>
<doc>Verifies that element ``locator`` is found on the current page.</doc>
<msg timestamp="20251211 01:03:50.187" level="INFO">Current page contains element 'xpath=//span[text()='Products']'.</msg>
<status status="PASS" starttime="20251211 01:03:50.177" endtime="20251211 01:03:50.187"/>
</kw>
<kw name="Close Browser" library="resources">
<kw name="Close All Browsers" library="SeleniumLibrary">
<doc>Closes all open browsers and resets the browser cache.</doc>
<status status="PASS" starttime="20251211 01:03:50.188" endtime="20251211 01:03:52.308"/>
</kw>
<status status="PASS" starttime="20251211 01:03:50.188" endtime="20251211 01:03:52.308"/>
</kw>
<doc>Проверка успешного входа на сайт с правильными данными.</doc>
<status status="PASS" starttime="20251211 01:03:38.548" endtime="20251211 01:03:52.308"/>
</test>
<test id="s1-s1-t2" name="Login With Invalid User" line="13">
<kw name="Open Browser" library="SeleniumLibrary">
<arg>${URL}</arg>
<arg>${BROWSER}</arg>
<doc>Opens a new browser instance to the optional ``url``.</doc>
<msg timestamp="20251211 01:03:52.311" level="INFO">Opening browser 'chrome' to base url 'https://www.saucedemo.com/'.</msg>
<status status="PASS" starttime="20251211 01:03:52.310" endtime="20251211 01:03:56.823"/>
</kw>
<kw name="Input Text" library="SeleniumLibrary">
<arg>id=user-name</arg>
<arg>standard_user</arg>
<doc>Types the given ``text`` into the text field identified by ``locator``.</doc>
<msg timestamp="20251211 01:03:56.824" level="INFO">Typing text 'standard_user' into text field 'id=user-name'.</msg>
<status status="PASS" starttime="20251211 01:03:56.823" endtime="20251211 01:03:56.922"/>
</kw>
<kw name="Input Text" library="SeleniumLibrary">
<arg>id=password</arg>
<arg>wrong_password</arg>
<doc>Types the given ``text`` into the text field identified by ``locator``.</doc>
<msg timestamp="20251211 01:03:56.923" level="INFO">Typing text 'wrong_password' into text field 'id=password'.</msg>
<status status="PASS" starttime="20251211 01:03:56.922" endtime="20251211 01:03:56.994"/>
</kw>
<kw name="Click Button" library="SeleniumLibrary">
<arg>id=login-button</arg>
<doc>Clicks the button identified by ``locator``.</doc>
<msg timestamp="20251211 01:03:56.994" level="INFO">Clicking button 'id=login-button'.</msg>
<status status="PASS" starttime="20251211 01:03:56.994" endtime="20251211 01:03:57.060"/>
</kw>
<kw name="Wait Until Page Contains Element" library="SeleniumLibrary">
<arg>css=.error-message-container</arg>
<doc>Waits until the element ``locator`` appears on the current page.</doc>
<status status="PASS" starttime="20251211 01:03:57.061" endtime="20251211 01:03:57.070"/>
</kw>
<kw name="Page Should Contain" library="SeleniumLibrary">
<arg>Epic sadface: Username and password do not match</arg>
<doc>Verifies that current page contains ``text``.</doc>
<msg timestamp="20251211 01:03:57.084" level="INFO">Current page contains text 'Epic sadface: Username and password do not match'.</msg>
<status status="PASS" starttime="20251211 01:03:57.071" endtime="20251211 01:03:57.084"/>
</kw>
<kw name="Close Browser" library="resources">
<kw name="Close All Browsers" library="SeleniumLibrary">
<doc>Closes all open browsers and resets the browser cache.</doc>
<status status="PASS" starttime="20251211 01:03:57.085" endtime="20251211 01:03:59.189"/>
</kw>
<status status="PASS" starttime="20251211 01:03:57.084" endtime="20251211 01:03:59.190"/>
</kw>
<doc>Проверка ошибки при вводе неправильного пароля.</doc>
<status status="PASS" starttime="20251211 01:03:52.309" endtime="20251211 01:03:59.190"/>
</test>
<status status="PASS" starttime="20251211 01:03:38.248" endtime="20251211 01:03:59.191"/>
</suite>
<suite id="s1-s2" name="2 Logout Tests" source="C:\Users\Asus\Desktop\Software_Testing\robotTests\testCases\2_logout_tests.robot">
<test id="s1-s2-t1" name="Logout After Login" line="5">
<kw name="Open SauceDemo" library="resources">
<kw name="Open Browser" library="SeleniumLibrary">
<arg>${URL}</arg>
<arg>${BROWSER}</arg>
<doc>Opens a new browser instance to the optional ``url``.</doc>
<msg timestamp="20251211 01:03:59.197" level="INFO">Opening browser 'chrome' to base url 'https://www.saucedemo.com/'.</msg>
<status status="PASS" starttime="20251211 01:03:59.196" endtime="20251211 01:04:01.979"/>
</kw>
<kw name="Maximize Browser Window" library="SeleniumLibrary">
<doc>Maximizes current browser window.</doc>
<status status="PASS" starttime="20251211 01:04:01.979" endtime="20251211 01:04:02.013"/>
</kw>
<kw name="Set Selenium Implicit Wait" library="SeleniumLibrary">
<arg>5</arg>
<doc>Sets the implicit wait value used by Selenium.</doc>
<status status="PASS" starttime="20251211 01:04:02.013" endtime="20251211 01:04:02.015"/>
</kw>
<status status="PASS" starttime="20251211 01:03:59.196" endtime="20251211 01:04:02.015"/>
</kw>
<kw name="Login With Valid Credentials" library="resources">
<kw name="Input Text" library="SeleniumLibrary">
<arg>id=user-name</arg>
<arg>${USERNAME}</arg>
<doc>Types the given ``text`` into the text field identified by ``locator``.</doc>
<msg timestamp="20251211 01:04:02.030" level="INFO">Typing text 'standard_user' into text field 'id=user-name'.</msg>
<status status="PASS" starttime="20251211 01:04:02.016" endtime="20251211 01:04:02.115"/>
</kw>
<kw name="Input Text" library="SeleniumLibrary">
<arg>id=password</arg>
<arg>${PASSWORD}</arg>
<doc>Types the given ``text`` into the text field identified by ``locator``.</doc>
<msg timestamp="20251211 01:04:02.116" level="INFO">Typing text 'secret_sauce' into text field 'id=password'.</msg>
<status status="PASS" starttime="20251211 01:04:02.116" endtime="20251211 01:04:02.170"/>
</kw>
<kw name="Click Button" library="SeleniumLibrary">
<arg>id=login-button</arg>
<doc>Clicks the button identified by ``locator``.</doc>
<msg timestamp="20251211 01:04:02.171" level="INFO">Clicking button 'id=login-button'.</msg>
<status status="PASS" starttime="20251211 01:04:02.170" endtime="20251211 01:04:02.255"/>
</kw>
<status status="PASS" starttime="20251211 01:04:02.016" endtime="20251211 01:04:02.255"/>
</kw>
<kw name="Wait Until Element Is Visible" library="SeleniumLibrary">
<arg>id=react-burger-menu-btn</arg>
<doc>Waits until the element ``locator`` is visible.</doc>
<status status="PASS" starttime="20251211 01:04:02.256" endtime="20251211 01:04:02.372"/>
</kw>
<kw name="Click Button" library="SeleniumLibrary">
<arg>id=react-burger-menu-btn</arg>
<doc>Clicks the button identified by ``locator``.</doc>
<msg timestamp="20251211 01:04:02.372" level="INFO">Clicking button 'id=react-burger-menu-btn'.</msg>
<status status="PASS" starttime="20251211 01:04:02.372" endtime="20251211 01:04:02.423"/>
</kw>
<kw name="Wait Until Element Is Visible" library="SeleniumLibrary">
<arg>id=logout_sidebar_link</arg>
<doc>Waits until the element ``locator`` is visible.</doc>
<status status="PASS" starttime="20251211 01:04:02.423" endtime="20251211 01:04:02.653"/>
</kw>
<kw name="Click Link" library="SeleniumLibrary">
<arg>id=logout_sidebar_link</arg>
<doc>Clicks a link identified by ``locator``.</doc>
<msg timestamp="20251211 01:04:02.653" level="INFO">Clicking link 'id=logout_sidebar_link'.</msg>
<status status="PASS" starttime="20251211 01:04:02.653" endtime="20251211 01:04:02.724"/>
</kw>
<kw name="Wait Until Element Is Visible" library="SeleniumLibrary">
<arg>id=login-button</arg>
<doc>Waits until the element ``locator`` is visible.</doc>
<status status="PASS" starttime="20251211 01:04:02.725" endtime="20251211 01:04:02.738"/>
</kw>
<kw name="Page Should Contain Element" library="SeleniumLibrary">
<arg>id=login-button</arg>
<doc>Verifies that element ``locator`` is found on the current page.</doc>
<msg timestamp="20251211 01:04:02.743" level="INFO">Current page contains element 'id=login-button'.</msg>
<status status="PASS" starttime="20251211 01:04:02.738" endtime="20251211 01:04:02.744"/>
</kw>
<kw name="Close Browser" library="resources">
<kw name="Close All Browsers" library="SeleniumLibrary">
<doc>Closes all open browsers and resets the browser cache.</doc>
<status status="PASS" starttime="20251211 01:04:02.744" endtime="20251211 01:04:04.834"/>
</kw>
<status status="PASS" starttime="20251211 01:04:02.744" endtime="20251211 01:04:04.834"/>
</kw>
<doc>Проверка выхода из системы.</doc>
<status status="PASS" starttime="20251211 01:03:59.195" endtime="20251211 01:04:04.835"/>
</test>
<status status="PASS" starttime="20251211 01:03:59.193" endtime="20251211 01:04:04.836"/>
</suite>
<suite id="s1-s3" name="3 Add To Cart Tests" source="C:\Users\Asus\Desktop\Software_Testing\robotTests\testCases\3_add_to_cart_tests.robot">
<test id="s1-s3-t1" name="Add Item To Cart" line="5">
<kw name="Open SauceDemo" library="resources">
<kw name="Open Browser" library="SeleniumLibrary">
<arg>${URL}</arg>
<arg>${BROWSER}</arg>
<doc>Opens a new browser instance to the optional ``url``.</doc>
<msg timestamp="20251211 01:04:04.844" level="INFO">Opening browser 'chrome' to base url 'https://www.saucedemo.com/'.</msg>
<status status="PASS" starttime="20251211 01:04:04.843" endtime="20251211 01:04:07.944"/>
</kw>
<kw name="Maximize Browser Window" library="SeleniumLibrary">
<doc>Maximizes current browser window.</doc>
<status status="PASS" starttime="20251211 01:04:07.944" endtime="20251211 01:04:07.976"/>
</kw>
<kw name="Set Selenium Implicit Wait" library="SeleniumLibrary">
<arg>5</arg>
<doc>Sets the implicit wait value used by Selenium.</doc>
<status status="PASS" starttime="20251211 01:04:07.976" endtime="20251211 01:04:07.977"/>
</kw>
<status status="PASS" starttime="20251211 01:04:04.842" endtime="20251211 01:04:07.977"/>
</kw>
<kw name="Login With Valid Credentials" library="resources">
<kw name="Input Text" library="SeleniumLibrary">
<arg>id=user-name</arg>
<arg>${USERNAME}</arg>
<doc>Types the given ``text`` into the text field identified by ``locator``.</doc>
<msg timestamp="20251211 01:04:07.979" level="INFO">Typing text 'standard_user' into text field 'id=user-name'.</msg>
<status status="PASS" starttime="20251211 01:04:07.978" endtime="20251211 01:04:08.063"/>
</kw>
<kw name="Input Text" library="SeleniumLibrary">
<arg>id=password</arg>
<arg>${PASSWORD}</arg>
<doc>Types the given ``text`` into the text field identified by ``locator``.</doc>
<msg timestamp="20251211 01:04:08.064" level="INFO">Typing text 'secret_sauce' into text field 'id=password'.</msg>
<status status="PASS" starttime="20251211 01:04:08.064" endtime="20251211 01:04:08.125"/>
</kw>
<kw name="Click Button" library="SeleniumLibrary">
<arg>id=login-button</arg>
<doc>Clicks the button identified by ``locator``.</doc>
<msg timestamp="20251211 01:04:08.125" level="INFO">Clicking button 'id=login-button'.</msg>
<status status="PASS" starttime="20251211 01:04:08.125" endtime="20251211 01:04:08.210"/>
</kw>
<status status="PASS" starttime="20251211 01:04:07.978" endtime="20251211 01:04:08.210"/>
</kw>
<kw name="Wait Until Page Contains Element" library="SeleniumLibrary">
<arg>id=add-to-cart-sauce-labs-backpack</arg>
<doc>Waits until the element ``locator`` appears on the current page.</doc>
<status status="PASS" starttime="20251211 01:04:08.211" endtime="20251211 01:04:08.221"/>
</kw>
<kw name="Click Button" library="SeleniumLibrary">
<arg>id=add-to-cart-sauce-labs-backpack</arg>
<doc>Clicks the button identified by ``locator``.</doc>
<msg timestamp="20251211 01:04:08.222" level="INFO">Clicking button 'id=add-to-cart-sauce-labs-backpack'.</msg>
<status status="PASS" starttime="20251211 01:04:08.221" endtime="20251211 01:04:08.298"/>
</kw>
<kw name="Click Element" library="SeleniumLibrary">
<arg>css=.shopping_cart_link</arg>
<doc>Click the element identified by ``locator``.</doc>
<msg timestamp="20251211 01:04:08.299" level="INFO">Clicking element 'css=.shopping_cart_link'.</msg>
<status status="PASS" starttime="20251211 01:04:08.298" endtime="20251211 01:04:08.379"/>
</kw>
<kw name="Page Should Contain" library="SeleniumLibrary">
<arg>Sauce Labs Backpack</arg>
<doc>Verifies that current page contains ``text``.</doc>
<msg timestamp="20251211 01:04:08.395" level="INFO">Current page contains text 'Sauce Labs Backpack'.</msg>
<status status="PASS" starttime="20251211 01:04:08.379" endtime="20251211 01:04:08.395"/>
</kw>
<kw name="Close Browser" library="resources">
<kw name="Close All Browsers" library="SeleniumLibrary">
<doc>Closes all open browsers and resets the browser cache.</doc>
<status status="PASS" starttime="20251211 01:04:08.395" endtime="20251211 01:04:10.536"/>
</kw>
<status status="PASS" starttime="20251211 01:04:08.395" endtime="20251211 01:04:10.536"/>
</kw>
<doc>Проверка добавления товара в корзину.</doc>
<status status="PASS" starttime="20251211 01:04:04.841" endtime="20251211 01:04:10.537"/>
</test>
<status status="PASS" starttime="20251211 01:04:04.837" endtime="20251211 01:04:10.537"/>
</suite>
<suite id="s1-s4" name="4 Checkout Tests" source="C:\Users\Asus\Desktop\Software_Testing\robotTests\testCases\4_checkout_tests.robot">
<test id="s1-s4-t1" name="Complete Checkout Process" line="5">
<kw name="Open SauceDemo" library="resources">
<kw name="Open Browser" library="SeleniumLibrary">
<arg>${URL}</arg>
<arg>${BROWSER}</arg>
<doc>Opens a new browser instance to the optional ``url``.</doc>
<msg timestamp="20251211 01:04:10.546" level="INFO">Opening browser 'chrome' to base url 'https://www.saucedemo.com/'.</msg>
<status status="PASS" starttime="20251211 01:04:10.545" endtime="20251211 01:04:13.267"/>
</kw>
<kw name="Maximize Browser Window" library="SeleniumLibrary">
<doc>Maximizes current browser window.</doc>
<status status="PASS" starttime="20251211 01:04:13.267" endtime="20251211 01:04:13.289"/>
</kw>
<kw name="Set Selenium Implicit Wait" library="SeleniumLibrary">
<arg>5</arg>
<doc>Sets the implicit wait value used by Selenium.</doc>
<status status="PASS" starttime="20251211 01:04:13.289" endtime="20251211 01:04:13.291"/>
</kw>
<status status="PASS" starttime="20251211 01:04:10.545" endtime="20251211 01:04:13.291"/>
</kw>
<kw name="Login With Valid Credentials" library="resources">
<kw name="Input Text" library="SeleniumLibrary">
<arg>id=user-name</arg>
<arg>${USERNAME}</arg>
<doc>Types the given ``text`` into the text field identified by ``locator``.</doc>
<msg timestamp="20251211 01:04:13.292" level="INFO">Typing text 'standard_user' into text field 'id=user-name'.</msg>
<status status="PASS" starttime="20251211 01:04:13.291" endtime="20251211 01:04:13.385"/>
</kw>
<kw name="Input Text" library="SeleniumLibrary">
<arg>id=password</arg>
<arg>${PASSWORD}</arg>
<doc>Types the given ``text`` into the text field identified by ``locator``.</doc>
<msg timestamp="20251211 01:04:13.386" level="INFO">Typing text 'secret_sauce' into text field 'id=password'.</msg>
<status status="PASS" starttime="20251211 01:04:13.385" endtime="20251211 01:04:13.444"/>
</kw>
<kw name="Click Button" library="SeleniumLibrary">
<arg>id=login-button</arg>
<doc>Clicks the button identified by ``locator``.</doc>
<msg timestamp="20251211 01:04:13.445" level="INFO">Clicking button 'id=login-button'.</msg>
<status status="PASS" starttime="20251211 01:04:13.444" endtime="20251211 01:04:13.523"/>
</kw>
<status status="PASS" starttime="20251211 01:04:13.291" endtime="20251211 01:04:13.523"/>
</kw>
<kw name="Click Button" library="SeleniumLibrary">
<arg>id=add-to-cart-sauce-labs-bike-light</arg>
<doc>Clicks the button identified by ``locator``.</doc>
<msg timestamp="20251211 01:04:13.524" level="INFO">Clicking button 'id=add-to-cart-sauce-labs-bike-light'.</msg>
<status status="PASS" starttime="20251211 01:04:13.524" endtime="20251211 01:04:13.590"/>
</kw>
<kw name="Click Element" library="SeleniumLibrary">
<arg>css=.shopping_cart_link</arg>
<doc>Click the element identified by ``locator``.</doc>
<msg timestamp="20251211 01:04:13.593" level="INFO">Clicking element 'css=.shopping_cart_link'.</msg>
<status status="PASS" starttime="20251211 01:04:13.591" endtime="20251211 01:04:13.673"/>
</kw>
<kw name="Click Button" library="SeleniumLibrary">
<arg>id=checkout</arg>
<doc>Clicks the button identified by ``locator``.</doc>
<msg timestamp="20251211 01:04:13.674" level="INFO">Clicking button 'id=checkout'.</msg>
<status status="PASS" starttime="20251211 01:04:13.674" endtime="20251211 01:04:13.750"/>
</kw>
<kw name="Input Text" library="SeleniumLibrary">
<arg>id=first-name</arg>
<arg>Test</arg>
<doc>Types the given ``text`` into the text field identified by ``locator``.</doc>
<msg timestamp="20251211 01:04:13.751" level="INFO">Typing text 'Test' into text field 'id=first-name'.</msg>
<status status="PASS" starttime="20251211 01:04:13.750" endtime="20251211 01:04:13.813"/>
</kw>
<kw name="Input Text" library="SeleniumLibrary">
<arg>id=last-name</arg>
<arg>User</arg>
<doc>Types the given ``text`` into the text field identified by ``locator``.</doc>
<msg timestamp="20251211 01:04:13.814" level="INFO">Typing text 'User' into text field 'id=last-name'.</msg>
<status status="PASS" starttime="20251211 01:04:13.814" endtime="20251211 01:04:13.872"/>
</kw>
<kw name="Input Text" library="SeleniumLibrary">
<arg>id=postal-code</arg>
<arg>12345</arg>
<doc>Types the given ``text`` into the text field identified by ``locator``.</doc>
<msg timestamp="20251211 01:04:13.873" level="INFO">Typing text '12345' into text field 'id=postal-code'.</msg>
<status status="PASS" starttime="20251211 01:04:13.872" endtime="20251211 01:04:13.929"/>
</kw>
<kw name="Click Button" library="SeleniumLibrary">
<arg>id=continue</arg>
<doc>Clicks the button identified by ``locator``.</doc>
<msg timestamp="20251211 01:04:13.930" level="INFO">Clicking button 'id=continue'.</msg>
<status status="PASS" starttime="20251211 01:04:13.929" endtime="20251211 01:04:14.017"/>
</kw>
<kw name="Wait Until Page Contains" library="SeleniumLibrary">
<arg>Payment Information</arg>
<doc>Waits until ``text`` appears on the current page.</doc>
<status status="PASS" starttime="20251211 01:04:14.017" endtime="20251211 01:04:14.026"/>
</kw>
<kw name="Click Button" library="SeleniumLibrary">
<arg>id=finish</arg>
<doc>Clicks the button identified by ``locator``.</doc>
<msg timestamp="20251211 01:04:14.027" level="INFO">Clicking button 'id=finish'.</msg>
<status status="PASS" starttime="20251211 01:04:14.027" endtime="20251211 01:04:14.084"/>
</kw>
<kw name="Wait Until Page Contains" library="SeleniumLibrary">
<arg>Thank you for your order!</arg>
<doc>Waits until ``text`` appears on the current page.</doc>
<status status="PASS" starttime="20251211 01:04:14.084" endtime="20251211 01:04:14.093"/>
</kw>
<kw name="Page Should Contain" library="SeleniumLibrary">
<arg>Thank you for your order!</arg>
<doc>Verifies that current page contains ``text``.</doc>
<msg timestamp="20251211 01:04:14.099" level="INFO">Current page contains text 'Thank you for your order!'.</msg>
<status status="PASS" starttime="20251211 01:04:14.094" endtime="20251211 01:04:14.099"/>
</kw>
<kw name="Close Browser" library="resources">
<kw name="Close All Browsers" library="SeleniumLibrary">
<doc>Closes all open browsers and resets the browser cache.</doc>
<status status="PASS" starttime="20251211 01:04:14.100" endtime="20251211 01:04:16.214"/>
</kw>
<status status="PASS" starttime="20251211 01:04:14.100" endtime="20251211 01:04:16.214"/>
</kw>
<doc>Проверка успешного оформления заказа.</doc>
<status status="PASS" starttime="20251211 01:04:10.544" endtime="20251211 01:04:16.215"/>
</test>
<status status="PASS" starttime="20251211 01:04:10.538" endtime="20251211 01:04:16.216"/>
</suite>
<status status="PASS" starttime="20251211 01:03:38.227" endtime="20251211 01:04:16.217"/>
</suite>
<statistics>
<total>
<stat pass="5" fail="0" skip="0">All Tests</stat>
</total>
<tag>
</tag>
<suite>
<stat pass="5" fail="0" skip="0" id="s1" name="testCases">testCases</stat>
<stat pass="2" fail="0" skip="0" id="s1-s1" name="1 Login Tests">testCases.1 Login Tests</stat>
<stat pass="1" fail="0" skip="0" id="s1-s2" name="2 Logout Tests">testCases.2 Logout Tests</stat>
<stat pass="1" fail="0" skip="0" id="s1-s3" name="3 Add To Cart Tests">testCases.3 Add To Cart Tests</stat>
<stat pass="1" fail="0" skip="0" id="s1-s4" name="4 Checkout Tests">testCases.4 Checkout Tests</stat>
</suite>
</statistics>
<errors>
</errors>
</robot>
